<?xml version="1.0" encoding="UTF-8"?>
<testng-results ignored="0" total="1" passed="1" failed="0" skipped="0">
  <reporter-output>
  </reporter-output>
  <suite started-at="2022-03-16T10:52:25 IST" name="Default suite" finished-at="2022-03-16T10:52:25 IST" duration-ms="65">
    <groups>
    </groups>
    <test started-at="2022-03-16T10:52:25 IST" name="Default test" finished-at="2022-03-16T10:52:25 IST" duration-ms="65">
      <class name="parameter.ReadDataFromSystemTest">
        <test-method signature="readDataTest()[pri:0, instance:parameter.ReadDataFromSystemTest@26275bef]" started-at="2022-03-16T10:52:25 IST" name="readDataTest" finished-at="2022-03-16T10:52:25 IST" duration-ms="11" status="PASS">
          <reporter-output>
          </reporter-output>
        </test-method> <!-- readDataTest -->
      </class> <!-- parameter.ReadDataFromSystemTest -->
    </test> <!-- Default test -->
  </suite> <!-- Default suite -->
</testng-results>
